<html xmlns:lxslt="http://xml.apache.org/xslt" xmlns:stringutils="xalan://org.apache.tools.ant.util.StringUtils">
<head>
<META http-equiv="Content-Type" content="text/html; charset=UTF-8">
<title>Unit Test Results: Runner.BatchRunSuiteOne</title>
<link rel="stylesheet" type="text/css" title="Style" href="../stylesheet.css">
<script type="text/javascript" language="JavaScript">
        var TestCases = new Array();
        var cur;
        
    cur = TestCases['Runner.BatchRunSuiteOne'] = new Array();
    
        cur['ANT'] = 'E:\\Automation\\apache-ant-1.8.4-bin\\apache-ant-1.8.4/bin/ant.bat';
    
        cur['ant.core.lib'] = 'E:\\Automation\\apache-ant-1.8.4-bin\\apache-ant-1.8.4\\lib\\ant.jar';
    
        cur['ant.file'] = 'E:\\Automation\\EcPProjects1\\Jabong\\build.xml';
    
        cur['ant.file.FrameWorkOne'] = 'E:\\Automation\\EcPProjects1\\Jabong\\build.xml';
    
        cur['ant.file.type'] = 'file';
    
        cur['ant.file.type.FrameWorkOne'] = 'file';
    
        cur['ant.home'] = 'E:\\Automation\\apache-ant-1.8.4-bin\\apache-ant-1.8.4';
    
        cur['ant.java.version'] = '1.7';
    
        cur['ant.library.dir'] = 'E:\\Automation\\apache-ant-1.8.4-bin\\apache-ant-1.8.4\\lib';
    
        cur['ant.project.default-target'] = 'usage';
    
        cur['ant.project.invoked-targets'] = 'clean,compile,run,report';
    
        cur['ant.project.name'] = 'FrameWorkOne';
    
        cur['ant.version'] = 'Apache Ant(TM) version 1.8.4 compiled on May 22 2012';
    
        cur['awt.toolkit'] = 'sun.awt.windows.WToolkit';
    
        cur['basedir'] = 'E:\\Automation\\EcPProjects1\\Jabong';
    
        cur['DSTAMP'] = '20140809';
    
        cur['env._JAVACMD'] = 'C:\\Program Files\\Java\\jdk1.7.0_25\\bin\\java.exe';
    
        cur['env._USE_CLASSPATH'] = 'no';
    
        cur['env.=::'] = '::\\';
    
        cur['env.=C:'] = 'C:\\Users\\admin';
    
        cur['env.=E:'] = 'E:\\Automation\\EcPProjects1\\Jabong';
    
        cur['env.ALLUSERSPROFILE'] = 'C:\\ProgramData';
    
        cur['env.ANT_CMD_LINE_ARGS'] = ' clean compile run report';
    
        cur['env.ANT_HOME'] = 'E:\\Automation\\apache-ant-1.8.4-bin\\apache-ant-1.8.4';
    
        cur['env.APPDATA'] = 'C:\\Users\\admin\\AppData\\Roaming';
    
        cur['env.CATALINA_HOME'] = 'E:\\apache-tomcat-6.0.37';
    
        cur['env.CommonProgramFiles'] = 'C:\\Program Files\\Common Files';
    
        cur['env.COMPUTERNAME'] = 'ADMIN-';
    
        cur['env.ComSpec'] = 'C:\\Windows\\system32\\cmd.exe';
    
        cur['env.FP_NO_HOST_CHECK'] = 'NO';
    
        cur['env.HOMEDRIVE'] = 'C:';
    
        cur['env.HOMEPATH'] = '\\Users\\admin';
    
        cur['env.JAVA_HOME'] = 'C:\\Program Files\\Java\\jdk1.7.0_25';
    
        cur['env.LOCALAPPDATA'] = 'C:\\Users\\admin\\AppData\\Local';
    
        cur['env.LOGONSERVER'] = '\\\\ADMIN-';
    
        cur['env.NUMBER_OF_PROCESSORS'] = '2';
    
        cur['env.OS'] = 'Windows_NT';
    
        cur['env.Path'] = 'C:\\Perl\\site\\bin;C:\\Perl\\bin;C:\\Windows\\system32;C:\\Windows;C:\\Windows\\System32\\Wbem;C:\\Windows\\System32\\WindowsPowerShell\\v1.0\\;C:\\Program Files\\Java\\jdk1.7.0_25\\bin;C:\\Program Files\\MySQL\\MySQL Server 5.5\\bin;E:\\Automation\\apache-ant-1.8.4-bin\\apache-ant-1.8.4\\bin';
    
        cur['env.PATHEXT'] = '.COM;.EXE;.BAT;.CMD;.VBS;.VBE;.JS;.JSE;.WSF;.WSH;.MSC';
    
        cur['env.PROCESSOR_ARCHITECTURE'] = 'x86';
    
        cur['env.PROCESSOR_IDENTIFIER'] = 'x86 Family 6 Model 23 Stepping 10, GenuineIntel';
    
        cur['env.PROCESSOR_LEVEL'] = '6';
    
        cur['env.PROCESSOR_REVISION'] = '170a';
    
        cur['env.ProgramData'] = 'C:\\ProgramData';
    
        cur['env.ProgramFiles'] = 'C:\\Program Files';
    
        cur['env.PROMPT'] = '$P$G';
    
        cur['env.PSModulePath'] = 'C:\\Windows\\system32\\WindowsPowerShell\\v1.0\\Modules\\';
    
        cur['env.PUBLIC'] = 'C:\\Users\\Public';
    
        cur['env.SESSIONNAME'] = 'Console';
    
        cur['env.SystemDrive'] = 'C:';
    
        cur['env.SystemRoot'] = 'C:\\Windows';
    
        cur['env.TEMP'] = 'C:\\Users\\admin\\AppData\\Local\\Temp';
    
        cur['env.TMP'] = 'C:\\Users\\admin\\AppData\\Local\\Temp';
    
        cur['env.USERDOMAIN'] = 'admin-';
    
        cur['env.USERNAME'] = 'admin';
    
        cur['env.USERPROFILE'] = 'C:\\Users\\admin';
    
        cur['env.windir'] = 'C:\\Windows';
    
        cur['file.encoding'] = 'Cp1252';
    
        cur['file.encoding.pkg'] = 'sun.io';
    
        cur['file.separator'] = '\\';
    
        cur['java.awt.graphicsenv'] = 'sun.awt.Win32GraphicsEnvironment';
    
        cur['java.awt.printerjob'] = 'sun.awt.windows.WPrinterJob';
    
        cur['java.class.path'] = 'E:\\Automation\\EcPProjects1\\Jabong\\build;E:\\Automation\\EcPProjects1\\Jabong\\Jar Files\\SaxonLiaison.jar;E:\\Automation\\EcPProjects1\\Jabong\\Jar Files\\apache-mime4j-0.6.jar;E:\\Automation\\EcPProjects1\\Jabong\\Jar Files\\bsh-1.3.0.jar;E:\\Automation\\EcPProjects1\\Jabong\\Jar Files\\cglib-nodep-2.1_3.jar;E:\\Automation\\EcPProjects1\\Jabong\\Jar Files\\commons-codec-1.6.jar;E:\\Automation\\EcPProjects1\\Jabong\\Jar Files\\commons-collections-3.2.1.jar;E:\\Automation\\EcPProjects1\\Jabong\\Jar Files\\commons-exec-1.1.jar;E:\\Automation\\EcPProjects1\\Jabong\\Jar Files\\commons-io-2.2.jar;E:\\Automation\\EcPProjects1\\Jabong\\Jar Files\\commons-jxpath-1.3.jar;E:\\Automation\\EcPProjects1\\Jabong\\Jar Files\\commons-lang3-3.1.jar;E:\\Automation\\EcPProjects1\\Jabong\\Jar Files\\commons-logging-1.1.1.jar;E:\\Automation\\EcPProjects1\\Jabong\\Jar Files\\cssparser-0.9.9.jar;E:\\Automation\\EcPProjects1\\Jabong\\Jar Files\\dom4j-1.1.jar;E:\\Automation\\EcPProjects1\\Jabong\\Jar Files\\guava-14.0.jar;E:\\Automation\\EcPProjects1\\Jabong\\Jar Files\\hamcrest-core-1.3.jar;E:\\Automation\\EcPProjects1\\Jabong\\Jar Files\\hamcrest-library-1.3.jar;E:\\Automation\\EcPProjects1\\Jabong\\Jar Files\\htmlunit-2.12.jar;E:\\Automation\\EcPProjects1\\Jabong\\Jar Files\\htmlunit-core-js-2.12.jar;E:\\Automation\\EcPProjects1\\Jabong\\Jar Files\\httpclient-4.2.1.jar;E:\\Automation\\EcPProjects1\\Jabong\\Jar Files\\httpcore-4.2.1.jar;E:\\Automation\\EcPProjects1\\Jabong\\Jar Files\\httpmime-4.2.1.jar;E:\\Automation\\EcPProjects1\\Jabong\\Jar Files\\ini4j-0.5.2.jar;E:\\Automation\\EcPProjects1\\Jabong\\Jar Files\\jcommander-1.29.jar;E:\\Automation\\EcPProjects1\\Jabong\\Jar Files\\jetty-websocket-8.1.8.jar;E:\\Automation\\EcPProjects1\\Jabong\\Jar Files\\jna-3.4.0.jar;E:\\Automation\\EcPProjects1\\Jabong\\Jar Files\\jna-platform-3.4.0.jar;E:\\Automation\\EcPProjects1\\Jabong\\Jar Files\\json-20080701.jar;E:\\Automation\\EcPProjects1\\Jabong\\Jar Files\\junit-dep-4.11.jar;E:\\Automation\\EcPProjects1\\Jabong\\Jar Files\\log4j-1.2.17.jar;E:\\Automation\\EcPProjects1\\Jabong\\Jar Files\\nekohtml-1.9.17.jar;E:\\Automation\\EcPProjects1\\Jabong\\Jar Files\\netty-3.5.7.Final.jar;E:\\Automation\\EcPProjects1\\Jabong\\Jar Files\\operadriver-1.2.jar;E:\\Automation\\EcPProjects1\\Jabong\\Jar Files\\phantomjsdriver-1.0.3.jar;E:\\Automation\\EcPProjects1\\Jabong\\Jar Files\\poi-3.6-20091214.jar;E:\\Automation\\EcPProjects1\\Jabong\\Jar Files\\poi-ooxml-3.6-20091214.jar;E:\\Automation\\EcPProjects1\\Jabong\\Jar Files\\poi-ooxml-schemas-3.6-20091214.jar;E:\\Automation\\EcPProjects1\\Jabong\\Jar Files\\protobuf-java-2.4.1.jar;E:\\Automation\\EcPProjects1\\Jabong\\Jar Files\\sac-1.3.jar;E:\\Automation\\EcPProjects1\\Jabong\\Jar Files\\saxon-8.7.jar;E:\\Automation\\EcPProjects1\\Jabong\\Jar Files\\selenium-java-2.32.0-srcs.jar;E:\\Automation\\EcPProjects1\\Jabong\\Jar Files\\selenium-java-2.32.0.jar;E:\\Automation\\EcPProjects1\\Jabong\\Jar Files\\serializer-2.7.1.jar;E:\\Automation\\EcPProjects1\\Jabong\\Jar Files\\testng-6.8.jar;E:\\Automation\\EcPProjects1\\Jabong\\Jar Files\\xalan-2.7.1.jar;E:\\Automation\\EcPProjects1\\Jabong\\Jar Files\\xercesImpl-2.10.0.jar;E:\\Automation\\EcPProjects1\\Jabong\\Jar Files\\xml-apis-1.4.01.jar;E:\\Automation\\EcPProjects1\\Jabong\\Jar Files\\xmlbeans-2.3.0.jar;E:\\Automation\\apache-ant-1.8.4-bin\\apache-ant-1.8.4\\lib\\junit.jar;E:\\Automation\\apache-ant-1.8.4-bin\\apache-ant-1.8.4\\lib\\ant-launcher.jar;E:\\Automation\\apache-ant-1.8.4-bin\\apache-ant-1.8.4\\lib\\ant.jar;E:\\Automation\\apache-ant-1.8.4-bin\\apache-ant-1.8.4\\lib\\ant-junit.jar;E:\\Automation\\apache-ant-1.8.4-bin\\apache-ant-1.8.4\\lib\\ant-junit4.jar';
    
        cur['java.class.version'] = '51.0';
    
        cur['java.endorsed.dirs'] = 'C:\\Program Files\\Java\\jdk1.7.0_25\\jre\\lib\\endorsed';
    
        cur['java.ext.dirs'] = 'C:\\Program Files\\Java\\jdk1.7.0_25\\jre\\lib\\ext;C:\\Windows\\Sun\\Java\\lib\\ext';
    
        cur['java.home'] = 'C:\\Program Files\\Java\\jdk1.7.0_25\\jre';
    
        cur['java.io.tmpdir'] = 'C:\\Users\\admin\\AppData\\Local\\Temp\\';
    
        cur['java.library.path'] = 'C:\\Program Files\\Java\\jdk1.7.0_25\\jre\\bin;C:\\Windows\\Sun\\Java\\bin;C:\\Windows\\system32;C:\\Windows;C:\\Perl\\site\\bin;C:\\Perl\\bin;C:\\Windows\\system32;C:\\Windows;C:\\Windows\\System32\\Wbem;C:\\Windows\\System32\\WindowsPowerShell\\v1.0\\;C:\\Program Files\\Java\\jdk1.7.0_25\\bin;C:\\Program Files\\MySQL\\MySQL Server 5.5\\bin;E:\\Automation\\apache-ant-1.8.4-bin\\apache-ant-1.8.4\\bin;.';
    
        cur['java.runtime.name'] = 'Java(TM) SE Runtime Environment';
    
        cur['java.runtime.version'] = '1.7.0_25-b17';
    
        cur['java.specification.name'] = 'Java Platform API Specification';
    
        cur['java.specification.vendor'] = 'Oracle Corporation';
    
        cur['java.specification.version'] = '1.7';
    
        cur['java.vendor'] = 'Oracle Corporation';
    
        cur['java.vendor.url'] = 'http://java.oracle.com/';
    
        cur['java.vendor.url.bug'] = 'http://bugreport.sun.com/bugreport/';
    
        cur['java.version'] = '1.7.0_25';
    
        cur['java.vm.info'] = 'mixed mode, sharing';
    
        cur['java.vm.name'] = 'Java HotSpot(TM) Client VM';
    
        cur['java.vm.specification.name'] = 'Java Virtual Machine Specification';
    
        cur['java.vm.specification.vendor'] = 'Oracle Corporation';
    
        cur['java.vm.specification.version'] = '1.7';
    
        cur['java.vm.vendor'] = 'Oracle Corporation';
    
        cur['java.vm.version'] = '23.25-b01';
    
        cur['line.separator'] = '\r\n';
    
        cur['os.arch'] = 'x86';
    
        cur['os.name'] = 'Windows 7';
    
        cur['os.version'] = '6.1';
    
        cur['path.separator'] = ';';
    
        cur['start.time'] = '08/09/2014 04:02 PM';
    
        cur['sun.arch.data.model'] = '32';
    
        cur['sun.boot.class.path'] = 'C:\\Program Files\\Java\\jdk1.7.0_25\\jre\\lib\\resources.jar;C:\\Program Files\\Java\\jdk1.7.0_25\\jre\\lib\\rt.jar;C:\\Program Files\\Java\\jdk1.7.0_25\\jre\\lib\\sunrsasign.jar;C:\\Program Files\\Java\\jdk1.7.0_25\\jre\\lib\\jsse.jar;C:\\Program Files\\Java\\jdk1.7.0_25\\jre\\lib\\jce.jar;C:\\Program Files\\Java\\jdk1.7.0_25\\jre\\lib\\charsets.jar;C:\\Program Files\\Java\\jdk1.7.0_25\\jre\\lib\\jfr.jar;C:\\Program Files\\Java\\jdk1.7.0_25\\jre\\classes';
    
        cur['sun.boot.library.path'] = 'C:\\Program Files\\Java\\jdk1.7.0_25\\jre\\bin';
    
        cur['sun.cpu.endian'] = 'little';
    
        cur['sun.cpu.isalist'] = 'pentium_pro+mmx pentium_pro pentium+mmx pentium i486 i386 i86';
    
        cur['sun.desktop'] = 'windows';
    
        cur['sun.io.unicode.encoding'] = 'UnicodeLittle';
    
        cur['sun.java.command'] = 'org.apache.tools.ant.taskdefs.optional.junit.JUnitTestRunner Runner.BatchRunSuiteOne filtertrace=true haltOnError=false haltOnFailure=false formatter=org.apache.tools.ant.taskdefs.optional.junit.SummaryJUnitResultFormatter showoutput=false outputtoformatters=true logfailedtests=true logtestlistenerevents=false formatter=org.apache.tools.ant.taskdefs.optional.junit.XMLJUnitResultFormatter,E:\\Automation\\EcPProjects1\\Jabong\\Report\\TEST-Runner.BatchRunSuiteOne.xml crashfile=E:\\Automation\\EcPProjects1\\Jabong\\junitvmwatcher1989463038824598846.properties propsfile=E:\\Automation\\EcPProjects1\\Jabong\\junit7028485414869246884.properties';
    
        cur['sun.java.launcher'] = 'SUN_STANDARD';
    
        cur['sun.jnu.encoding'] = 'Cp1252';
    
        cur['sun.management.compiler'] = 'HotSpot Client Compiler';
    
        cur['sun.os.patch.level'] = 'Service Pack 1';
    
        cur['test.classpath'] = 'E:\\Automation\\EcPProjects1\\Jabong\\Jar Files\\SaxonLiaison.jar:E:\\Automation\\EcPProjects1\\Jabong\\Jar Files\\apache-mime4j-0.6.jar:E:\\Automation\\EcPProjects1\\Jabong\\Jar Files\\bsh-1.3.0.jar:E:\\Automation\\EcPProjects1\\Jabong\\Jar Files\\cglib-nodep-2.1_3.jar:E:\\Automation\\EcPProjects1\\Jabong\\Jar Files\\commons-codec-1.6.jar:E:\\Automation\\EcPProjects1\\Jabong\\Jar Files\\commons-collections-3.2.1.jar:E:\\Automation\\EcPProjects1\\Jabong\\Jar Files\\commons-exec-1.1.jar:E:\\Automation\\EcPProjects1\\Jabong\\Jar Files\\commons-io-2.2.jar:E:\\Automation\\EcPProjects1\\Jabong\\Jar Files\\commons-jxpath-1.3.jar:E:\\Automation\\EcPProjects1\\Jabong\\Jar Files\\commons-lang3-3.1.jar:E:\\Automation\\EcPProjects1\\Jabong\\Jar Files\\commons-logging-1.1.1.jar:E:\\Automation\\EcPProjects1\\Jabong\\Jar Files\\cssparser-0.9.9.jar:E:\\Automation\\EcPProjects1\\Jabong\\Jar Files\\dom4j-1.1.jar:E:\\Automation\\EcPProjects1\\Jabong\\Jar Files\\guava-14.0.jar:E:\\Automation\\EcPProjects1\\Jabong\\Jar Files\\hamcrest-core-1.3.jar:E:\\Automation\\EcPProjects1\\Jabong\\Jar Files\\hamcrest-library-1.3.jar:E:\\Automation\\EcPProjects1\\Jabong\\Jar Files\\htmlunit-2.12.jar:E:\\Automation\\EcPProjects1\\Jabong\\Jar Files\\htmlunit-core-js-2.12.jar:E:\\Automation\\EcPProjects1\\Jabong\\Jar Files\\httpclient-4.2.1.jar:E:\\Automation\\EcPProjects1\\Jabong\\Jar Files\\httpcore-4.2.1.jar:E:\\Automation\\EcPProjects1\\Jabong\\Jar Files\\httpmime-4.2.1.jar:E:\\Automation\\EcPProjects1\\Jabong\\Jar Files\\ini4j-0.5.2.jar:E:\\Automation\\EcPProjects1\\Jabong\\Jar Files\\jcommander-1.29.jar:E:\\Automation\\EcPProjects1\\Jabong\\Jar Files\\jetty-websocket-8.1.8.jar:E:\\Automation\\EcPProjects1\\Jabong\\Jar Files\\jna-3.4.0.jar:E:\\Automation\\EcPProjects1\\Jabong\\Jar Files\\jna-platform-3.4.0.jar:E:\\Automation\\EcPProjects1\\Jabong\\Jar Files\\json-20080701.jar:E:\\Automation\\EcPProjects1\\Jabong\\Jar Files\\junit-dep-4.11.jar:E:\\Automation\\EcPProjects1\\Jabong\\Jar Files\\log4j-1.2.17.jar:E:\\Automation\\EcPProjects1\\Jabong\\Jar Files\\nekohtml-1.9.17.jar:E:\\Automation\\EcPProjects1\\Jabong\\Jar Files\\netty-3.5.7.Final.jar:E:\\Automation\\EcPProjects1\\Jabong\\Jar Files\\operadriver-1.2.jar:E:\\Automation\\EcPProjects1\\Jabong\\Jar Files\\phantomjsdriver-1.0.3.jar:E:\\Automation\\EcPProjects1\\Jabong\\Jar Files\\poi-3.6-20091214.jar:E:\\Automation\\EcPProjects1\\Jabong\\Jar Files\\poi-ooxml-3.6-20091214.jar:E:\\Automation\\EcPProjects1\\Jabong\\Jar Files\\poi-ooxml-schemas-3.6-20091214.jar:E:\\Automation\\EcPProjects1\\Jabong\\Jar Files\\protobuf-java-2.4.1.jar:E:\\Automation\\EcPProjects1\\Jabong\\Jar Files\\sac-1.3.jar:E:\\Automation\\EcPProjects1\\Jabong\\Jar Files\\saxon-8.7.jar:E:\\Automation\\EcPProjects1\\Jabong\\Jar Files\\selenium-java-2.32.0-srcs.jar:E:\\Automation\\EcPProjects1\\Jabong\\Jar Files\\selenium-java-2.32.0.jar:E:\\Automation\\EcPProjects1\\Jabong\\Jar Files\\serializer-2.7.1.jar:E:\\Automation\\EcPProjects1\\Jabong\\Jar Files\\testng-6.8.jar:E:\\Automation\\EcPProjects1\\Jabong\\Jar Files\\xalan-2.7.1.jar:E:\\Automation\\EcPProjects1\\Jabong\\Jar Files\\xercesImpl-2.10.0.jar:E:\\Automation\\EcPProjects1\\Jabong\\Jar Files\\xml-apis-1.4.01.jar:E:\\Automation\\EcPProjects1\\Jabong\\Jar Files\\xmlbeans-2.3.0.jar';
    
        cur['test.dest'] = 'E:\\Automation\\EcPProjects1\\Jabong/build';
    
        cur['test.reportsDir'] = 'E:\\Automation\\EcPProjects1\\Jabong\\Report';
    
        cur['test.src'] = 'E:\\Automation\\EcPProjects1\\Jabong/src';
    
        cur['TODAY'] = 'August 9 2014';
    
        cur['TSTAMP'] = '1602';
    
        cur['user.country'] = 'US';
    
        cur['user.dir'] = 'E:\\Automation\\EcPProjects1\\Jabong';
    
        cur['user.home'] = 'C:\\Users\\admin';
    
        cur['user.language'] = 'en';
    
        cur['user.name'] = 'admin';
    
        cur['user.script'] = '';
    
        cur['user.timezone'] = '';
    
        cur['user.variant'] = '';
    
        cur['ws.home'] = 'E:\\Automation\\EcPProjects1\\Jabong';
    
        cur['ws.jars'] = 'E:\\Automation\\EcPProjects1\\Jabong\\Jar Files';
    </script><script type="text/javascript" language="JavaScript">
        function displayProperties (name) {
          var win = window.open('','JUnitSystemProperties','scrollbars=1,resizable=1');
          var doc = win.document;
          doc.open();
          doc.write("<html><head><title>Properties of " + name + "</title>");
          doc.write("<style type=\"text/css\">");
          doc.write("body {font:normal 68% verdana,arial,helvetica; color:#000000; }");
          doc.write("table tr td, table tr th { font-size: 68%; }");
          doc.write("table.properties { border-collapse:collapse; border-left:solid 1 #cccccc; border-top:solid 1 #cccccc; padding:5px; }");
          doc.write("table.properties th { text-align:left; border-right:solid 1 #cccccc; border-bottom:solid 1 #cccccc; background-color:#eeeeee; }");
          doc.write("table.properties td { font:normal; text-align:left; border-right:solid 1 #cccccc; border-bottom:solid 1 #cccccc; background-color:#fffffff; }");
          doc.write("h3 { margin-bottom: 0.5em; font: bold 115% verdana,arial,helvetica }");
          doc.write("</style>");
          doc.write("</head><body>");
          doc.write("<h3>Properties of " + name + "</h3>");
          doc.write("<div align=\"right\"><a href=\"javascript:window.close();\">Close</a></div>");
          doc.write("<table class='properties'>");
          doc.write("<tr><th>Name</th><th>Value</th></tr>");
          for (prop in TestCases[name]) {
            doc.write("<tr><th>" + prop + "</th><td>" + TestCases[name][prop] + "</td></tr>");
          }
          doc.write("</table>");
          doc.write("</body></html>");
          doc.close();
          win.focus();
        }
      
      </script>
</head>
<body>
<h1>Unit Test Results.</h1>
<table width="100%">
<tr>
<td align="left"></td><td align="right">Designed for use with <a href="http://www.junit.org/">JUnit</a> and <a href="http://ant.apache.org/">Ant</a>.</td>
</tr>
</table>
<hr size="1">
<h3>Class Runner.BatchRunSuiteOne</h3>
<table class="details" border="0" cellpadding="5" cellspacing="2" width="95%">
<tr valign="top">
<th width="80%">Name</th><th>Tests</th><th>Errors</th><th>Failures</th><th nowrap>Time(s)</th><th nowrap>Time Stamp</th><th>Host</th>
</tr>
<tr valign="top" class="Error">
<td><a title="Display all tests" href="0_BatchRunSuiteOne.html">BatchRunSuiteOne</a></td><td><a title="Display all tests" href="0_BatchRunSuiteOne.html">9</a></td><td><a title="Display only errors" href="0_BatchRunSuiteOne-errors.html">3</a></td><td><a title="Display only failures" href="0_BatchRunSuiteOne-fails.html">3</a></td><td>375.381</td><td>2014-08-09T10:32:33</td><td>admin-</td>
</tr>
</table>
<h2>Tests</h2>
<table class="details" border="0" cellpadding="5" cellspacing="2" width="95%">
<tr valign="top">
<th>Name</th><th>Status</th><th width="80%">Type</th><th nowrap>Time(s)</th>
</tr>
<tr valign="top" class="TableRowColor">
<td><a name="LaunchUrlTest"></a>LaunchUrlTest</td><td>Success</td><td></td><td>16.564</td>
</tr>
<tr valign="top" class="TableRowColor">
<td><a name="SignUPTest"></a>SignUPTest</td><td>Success</td><td></td><td>26.802</td>
</tr>
<tr valign="top" class="Error">
<td><a name="Logintest"></a>Logintest</td><td>Error</td><td>no such element
  (Session info: chrome=36.0.1985.125)
  (Driver info: chromedriver=2.9.248315,platform=Windows NT 6.1 SP1 x86) (WARNING: The server did not provide any stacktrace information)
Command duration or timeout: 15.07 seconds
For documentation on this error, please visit: http://seleniumhq.org/exceptions/no_such_element.html
Build info: version: '2.32.0', revision: '6c40c18', time: '2013-04-09 17:23:22'
System info: os.name: 'Windows 7', os.arch: 'x86', os.version: '6.1', java.version: '1.7.0_25'
Session ID: c99ce9efd4a7a3886ed3bd145901ef75
Driver info: org.openqa.selenium.chrome.ChromeDriver
Capabilities [{platform=XP, acceptSslCerts=true, javascriptEnabled=true, browserName=chrome, chrome={userDataDir=C:\Users\admin\AppData\Local\Temp\scoped_dir5896_15632}, rotatable=false, locationContextEnabled=true, version=36.0.1985.125, takesHeapSnapshot=true, cssSelectorsEnabled=true, databaseEnabled=false, handlesAlerts=true, browserConnectionEnabled=false, webStorageEnabled=true, nativeEvents=true, applicationCacheEnabled=false, takesScreenshot=true}]<br>
<br>
<code>org.openqa.selenium.NoSuchElementException: no such element<br>  (Session info: chrome=36.0.1985.125)<br>  (Driver info: chromedriver=2.9.248315,platform=Windows NT 6.1 SP1 x86) (WARNING: The server did not provide any stacktrace information)<br>Command duration or timeout: 15.07 seconds<br>For documentation on this error, please visit: http://seleniumhq.org/exceptions/no_such_element.html<br>Build info: version: '2.32.0', revision: '6c40c18', time: '2013-04-09 17:23:22'<br>System info: os.name: 'Windows 7', os.arch: 'x86', os.version: '6.1', java.version: '1.7.0_25'<br>Session ID: c99ce9efd4a7a3886ed3bd145901ef75<br>Driver info: org.openqa.selenium.chrome.ChromeDriver<br>Capabilities [{platform=XP, acceptSslCerts=true, javascriptEnabled=true, browserName=chrome, chrome={userDataDir=C:\Users\admin\AppData\Local\Temp\scoped_dir5896_15632}, rotatable=false, locationContextEnabled=true, version=36.0.1985.125, takesHeapSnapshot=true, cssSelectorsEnabled=true, databaseEnabled=false, handlesAlerts=true, browserConnectionEnabled=false, webStorageEnabled=true, nativeEvents=true, applicationCacheEnabled=false, takesScreenshot=true}]<br>	at java.lang.reflect.Constructor.newInstance(Constructor.java:526)<br>	at org.openqa.selenium.remote.ErrorHandler.createThrowable(ErrorHandler.java:187)<br>	at org.openqa.selenium.remote.ErrorHandler.throwIfResponseFailed(ErrorHandler.java:145)<br>	at org.openqa.selenium.remote.RemoteWebDriver.execute(RemoteWebDriver.java:554)<br>	at org.openqa.selenium.remote.RemoteWebDriver.findElement(RemoteWebDriver.java:307)<br>	at org.openqa.selenium.remote.RemoteWebDriver.findElementByXPath(RemoteWebDriver.java:404)<br>	at org.openqa.selenium.By$ByXPath.findElement(By.java:344)<br>	at org.openqa.selenium.remote.RemoteWebDriver.findElement(RemoteWebDriver.java:299)<br>	at org.openqa.selenium.support.events.EventFiringWebDriver$2.invoke(EventFiringWebDriver.java:101)<br>	at com.sun.proxy.$Proxy11.findElement(Unknown Source)<br>	at org.openqa.selenium.support.events.EventFiringWebDriver.findElement(EventFiringWebDriver.java:180)<br>	at Utility.Util.Login2(Util.java:49)<br>	at Test.LoginTest.Logintest(LoginTest.java:38)<br>
</code></td><td>21.796</td>
</tr>
<tr valign="top" class="Error">
<td><a name="MouseHoverNewInTest"></a>MouseHoverNewInTest</td><td>Error</td><td>no such element
  (Session info: chrome=36.0.1985.125)
  (Driver info: chromedriver=2.9.248315,platform=Windows NT 6.1 SP1 x86) (WARNING: The server did not provide any stacktrace information)
Command duration or timeout: 16.12 seconds
For documentation on this error, please visit: http://seleniumhq.org/exceptions/no_such_element.html
Build info: version: '2.32.0', revision: '6c40c18', time: '2013-04-09 17:23:22'
System info: os.name: 'Windows 7', os.arch: 'x86', os.version: '6.1', java.version: '1.7.0_25'
Session ID: c99ce9efd4a7a3886ed3bd145901ef75
Driver info: org.openqa.selenium.chrome.ChromeDriver
Capabilities [{platform=XP, acceptSslCerts=true, javascriptEnabled=true, browserName=chrome, chrome={userDataDir=C:\Users\admin\AppData\Local\Temp\scoped_dir5896_15632}, rotatable=false, locationContextEnabled=true, version=36.0.1985.125, takesHeapSnapshot=true, cssSelectorsEnabled=true, databaseEnabled=false, handlesAlerts=true, browserConnectionEnabled=false, webStorageEnabled=true, nativeEvents=true, applicationCacheEnabled=false, takesScreenshot=true}]<br>
<br>
<code>org.openqa.selenium.NoSuchElementException: no such element<br>  (Session info: chrome=36.0.1985.125)<br>  (Driver info: chromedriver=2.9.248315,platform=Windows NT 6.1 SP1 x86) (WARNING: The server did not provide any stacktrace information)<br>Command duration or timeout: 16.12 seconds<br>For documentation on this error, please visit: http://seleniumhq.org/exceptions/no_such_element.html<br>Build info: version: '2.32.0', revision: '6c40c18', time: '2013-04-09 17:23:22'<br>System info: os.name: 'Windows 7', os.arch: 'x86', os.version: '6.1', java.version: '1.7.0_25'<br>Session ID: c99ce9efd4a7a3886ed3bd145901ef75<br>Driver info: org.openqa.selenium.chrome.ChromeDriver<br>Capabilities [{platform=XP, acceptSslCerts=true, javascriptEnabled=true, browserName=chrome, chrome={userDataDir=C:\Users\admin\AppData\Local\Temp\scoped_dir5896_15632}, rotatable=false, locationContextEnabled=true, version=36.0.1985.125, takesHeapSnapshot=true, cssSelectorsEnabled=true, databaseEnabled=false, handlesAlerts=true, browserConnectionEnabled=false, webStorageEnabled=true, nativeEvents=true, applicationCacheEnabled=false, takesScreenshot=true}]<br>	at java.lang.reflect.Constructor.newInstance(Constructor.java:526)<br>	at org.openqa.selenium.remote.ErrorHandler.createThrowable(ErrorHandler.java:187)<br>	at org.openqa.selenium.remote.ErrorHandler.throwIfResponseFailed(ErrorHandler.java:145)<br>	at org.openqa.selenium.remote.RemoteWebDriver.execute(RemoteWebDriver.java:554)<br>	at org.openqa.selenium.remote.RemoteWebDriver.findElement(RemoteWebDriver.java:307)<br>	at org.openqa.selenium.remote.RemoteWebDriver.findElementByXPath(RemoteWebDriver.java:404)<br>	at org.openqa.selenium.By$ByXPath.findElement(By.java:344)<br>	at org.openqa.selenium.remote.RemoteWebDriver.findElement(RemoteWebDriver.java:299)<br>	at org.openqa.selenium.support.events.EventFiringWebDriver$2.invoke(EventFiringWebDriver.java:101)<br>	at com.sun.proxy.$Proxy11.findElement(Unknown Source)<br>	at org.openqa.selenium.support.events.EventFiringWebDriver.findElement(EventFiringWebDriver.java:180)<br>	at Test.MouseHoverNEWIN.MouseHoverNewInTest(MouseHoverNEWIN.java:58)<br>
</code></td><td>18.002</td>
</tr>
<tr valign="top" class="Failure">
<td><a name="NewInMENSectionTest"></a>NewInMENSectionTest</td><td>Failure</td><td>Element not found //li[@id='qa-navigation0']/a<br>
<br>
<code>junit.framework.AssertionFailedError: Element not found //li[@id='qa-navigation0']/a<br>	at Base.BaseClass.GetObject(BaseClass.java:99)<br>	at Test.LinkInNewIn.NewInMENSectionTest(LinkInNewIn.java:115)<br>
</code></td><td>15.732</td>
</tr>
<tr valign="top" class="Failure">
<td><a name="ShoesLinkTest"></a>ShoesLinkTest</td><td>Failure</td><td>Element not found //li[@id='qa-navigation0']/a<br>
<br>
<code>junit.framework.AssertionFailedError: Element not found //li[@id='qa-navigation0']/a<br>	at Base.BaseClass.GetObject(BaseClass.java:99)<br>	at Test.Shoes.ShoesLinkTest(Shoes.java:80)<br>
</code></td><td>15.930</td>
</tr>
<tr valign="top" class="Error">
<td><a name="ClothLinkTest"></a>ClothLinkTest</td><td>Error</td><td>no such element
  (Session info: chrome=36.0.1985.125)
  (Driver info: chromedriver=2.9.248315,platform=Windows NT 6.1 SP1 x86) (WARNING: The server did not provide any stacktrace information)
Command duration or timeout: 15.06 seconds
For documentation on this error, please visit: http://seleniumhq.org/exceptions/no_such_element.html
Build info: version: '2.32.0', revision: '6c40c18', time: '2013-04-09 17:23:22'
System info: os.name: 'Windows 7', os.arch: 'x86', os.version: '6.1', java.version: '1.7.0_25'
Session ID: c99ce9efd4a7a3886ed3bd145901ef75
Driver info: org.openqa.selenium.chrome.ChromeDriver
Capabilities [{platform=XP, acceptSslCerts=true, javascriptEnabled=true, browserName=chrome, chrome={userDataDir=C:\Users\admin\AppData\Local\Temp\scoped_dir5896_15632}, rotatable=false, locationContextEnabled=true, version=36.0.1985.125, takesHeapSnapshot=true, cssSelectorsEnabled=true, databaseEnabled=false, handlesAlerts=true, browserConnectionEnabled=false, webStorageEnabled=true, nativeEvents=true, applicationCacheEnabled=false, takesScreenshot=true}]<br>
<br>
<code>org.openqa.selenium.NoSuchElementException: no such element<br>  (Session info: chrome=36.0.1985.125)<br>  (Driver info: chromedriver=2.9.248315,platform=Windows NT 6.1 SP1 x86) (WARNING: The server did not provide any stacktrace information)<br>Command duration or timeout: 15.06 seconds<br>For documentation on this error, please visit: http://seleniumhq.org/exceptions/no_such_element.html<br>Build info: version: '2.32.0', revision: '6c40c18', time: '2013-04-09 17:23:22'<br>System info: os.name: 'Windows 7', os.arch: 'x86', os.version: '6.1', java.version: '1.7.0_25'<br>Session ID: c99ce9efd4a7a3886ed3bd145901ef75<br>Driver info: org.openqa.selenium.chrome.ChromeDriver<br>Capabilities [{platform=XP, acceptSslCerts=true, javascriptEnabled=true, browserName=chrome, chrome={userDataDir=C:\Users\admin\AppData\Local\Temp\scoped_dir5896_15632}, rotatable=false, locationContextEnabled=true, version=36.0.1985.125, takesHeapSnapshot=true, cssSelectorsEnabled=true, databaseEnabled=false, handlesAlerts=true, browserConnectionEnabled=false, webStorageEnabled=true, nativeEvents=true, applicationCacheEnabled=false, takesScreenshot=true}]<br>	at java.lang.reflect.Constructor.newInstance(Constructor.java:526)<br>	at org.openqa.selenium.remote.ErrorHandler.createThrowable(ErrorHandler.java:187)<br>	at org.openqa.selenium.remote.ErrorHandler.throwIfResponseFailed(ErrorHandler.java:145)<br>	at org.openqa.selenium.remote.RemoteWebDriver.execute(RemoteWebDriver.java:554)<br>	at org.openqa.selenium.remote.RemoteWebDriver.findElement(RemoteWebDriver.java:307)<br>	at org.openqa.selenium.remote.RemoteWebDriver.findElementByXPath(RemoteWebDriver.java:404)<br>	at org.openqa.selenium.By$ByXPath.findElement(By.java:344)<br>	at org.openqa.selenium.remote.RemoteWebDriver.findElement(RemoteWebDriver.java:299)<br>	at org.openqa.selenium.support.events.EventFiringWebDriver$2.invoke(EventFiringWebDriver.java:101)<br>	at com.sun.proxy.$Proxy11.findElement(Unknown Source)<br>	at org.openqa.selenium.support.events.EventFiringWebDriver.findElement(EventFiringWebDriver.java:180)<br>	at Test.Clothings.ClothLinkTest(Clothings.java:44)<br>
</code></td><td>16.223</td>
</tr>
<tr valign="top" class="TableRowColor">
<td><a name="ShoesNewArrivalTest"></a>ShoesNewArrivalTest</td><td>Success</td><td></td><td>240.546</td>
</tr>
<tr valign="top" class="Failure">
<td><a name="Closetest"></a>Closetest</td><td>Failure</td><td>Expected exception: org.openqa.selenium.remote.SessionNotFoundException<br>
<br>
<code>junit.framework.AssertionFailedError: Expected exception: org.openqa.selenium.remote.SessionNotFoundException<br>
</code></td><td>3.512</td>
</tr>
</table>
<div class="Properties">
<a href="javascript:displayProperties('Runner.BatchRunSuiteOne');">
                    Properties &raquo;
                </a>
</div>
<div class="Properties">
<a href="./0_BatchRunSuiteOne-out.html">
                        System.out &raquo;
                    </a>
</div>
<div class="Properties">
<a href="./0_BatchRunSuiteOne-err.html">
                        System.err &raquo;
                    </a>
</div>
</body>
</html>
